0 info it worked if it ends with ok
1 verbose cli [ '/usr/local/bin/node',
1 verbose cli   '/usr/local/bin/npm',
1 verbose cli   'install',
1 verbose cli   'gulp',
1 verbose cli   'bower' ]
2 info using npm@2.5.1
3 info using node@v0.12.1
4 silly cache add args [ 'gulp', null ]
5 verbose cache add spec gulp
6 silly cache add args [ 'bower', null ]
7 verbose cache add spec bower
8 silly cache add parsed spec { raw: 'gulp',
8 silly cache add   scope: null,
8 silly cache add   name: 'gulp',
8 silly cache add   rawSpec: '',
8 silly cache add   spec: '*',
8 silly cache add   type: 'range' }
9 verbose addNamed gulp@*
10 silly addNamed semver.valid null
11 silly addNamed semver.validRange *
12 silly addNameRange { name: 'gulp', range: '*', hasData: false }
13 silly mapToRegistry name gulp
14 silly mapToRegistry using default registry
15 silly mapToRegistry registry https://registry.npmjs.org/
16 silly mapToRegistry uri https://registry.npmjs.org/gulp
17 verbose addNameRange registry:https://registry.npmjs.org/gulp not in flight; fetching
18 silly cache add parsed spec { raw: 'bower',
18 silly cache add   scope: null,
18 silly cache add   name: 'bower',
18 silly cache add   rawSpec: '',
18 silly cache add   spec: '*',
18 silly cache add   type: 'range' }
19 verbose addNamed bower@*
20 silly addNamed semver.valid null
21 silly addNamed semver.validRange *
22 silly addNameRange { name: 'bower', range: '*', hasData: false }
23 silly mapToRegistry name bower
24 silly mapToRegistry using default registry
25 silly mapToRegistry registry https://registry.npmjs.org/
26 silly mapToRegistry uri https://registry.npmjs.org/bower
27 verbose addNameRange registry:https://registry.npmjs.org/bower not in flight; fetching
28 verbose get https://registry.npmjs.org/gulp not expired, no request
29 silly addNameRange number 2 { name: 'gulp', range: '*', hasData: true }
30 silly addNameRange versions [ 'gulp',
30 silly addNameRange   [ '0.0.1',
30 silly addNameRange     '0.0.2',
30 silly addNameRange     '0.0.3',
30 silly addNameRange     '0.0.4',
30 silly addNameRange     '0.0.5',
30 silly addNameRange     '0.0.7',
30 silly addNameRange     '0.0.8',
30 silly addNameRange     '0.0.9',
30 silly addNameRange     '0.1.0',
30 silly addNameRange     '0.2.0',
30 silly addNameRange     '1.0.0',
30 silly addNameRange     '1.1.0',
30 silly addNameRange     '1.2.0',
30 silly addNameRange     '1.2.1',
30 silly addNameRange     '2.0.0',
30 silly addNameRange     '2.0.1',
30 silly addNameRange     '2.1.0',
30 silly addNameRange     '2.2.0',
30 silly addNameRange     '2.3.0',
30 silly addNameRange     '2.4.0',
30 silly addNameRange     '2.4.1',
30 silly addNameRange     '2.6.0',
30 silly addNameRange     '2.6.1',
30 silly addNameRange     '2.7.0',
30 silly addNameRange     '3.0.0',
30 silly addNameRange     '3.1.1',
30 silly addNameRange     '3.1.2',
30 silly addNameRange     '3.1.3',
30 silly addNameRange     '3.1.4',
30 silly addNameRange     '3.2.0',
30 silly addNameRange     '3.2.1',
30 silly addNameRange     '3.2.2',
30 silly addNameRange     '3.2.3',
30 silly addNameRange     '3.2.4',
30 silly addNameRange     '3.2.5',
30 silly addNameRange     '3.3.0',
30 silly addNameRange     '3.3.1',
30 silly addNameRange     '3.3.2',
30 silly addNameRange     '3.3.4',
30 silly addNameRange     '3.4.0',
30 silly addNameRange     '3.5.0',
30 silly addNameRange     '3.5.1',
30 silly addNameRange     '3.5.2',
30 silly addNameRange     '3.5.5',
30 silly addNameRange     '3.5.6',
30 silly addNameRange     '3.6.0',
30 silly addNameRange     '3.6.1',
30 silly addNameRange     '3.6.2',
30 silly addNameRange     '3.7.0',
30 silly addNameRange     '3.8.0',
30 silly addNameRange     '3.8.1',
30 silly addNameRange     '3.8.2',
30 silly addNameRange     '3.8.3',
30 silly addNameRange     '3.8.4',
30 silly addNameRange     '3.8.5',
30 silly addNameRange     '3.8.6',
30 silly addNameRange     '3.8.7',
30 silly addNameRange     '3.8.8',
30 silly addNameRange     '3.8.9',
30 silly addNameRange     '3.8.10',
30 silly addNameRange     '3.8.11',
30 silly addNameRange     '3.9.0' ] ]
31 verbose addNamed gulp@3.9.0
32 silly addNamed semver.valid 3.9.0
33 silly addNamed semver.validRange 3.9.0
34 silly cache afterAdd gulp@3.9.0
35 verbose afterAdd /home/enieber/.npm/gulp/3.9.0/package/package.json not in flight; writing
36 verbose afterAdd /home/enieber/.npm/gulp/3.9.0/package/package.json written
37 verbose request uri https://registry.npmjs.org/bower
38 verbose request no auth needed
39 info attempt registry request try #1 at 18:18:05
40 verbose request id a3547f9789e53d90
41 verbose etag "5SXPRHOALFO19HE1UDHG9EJ4G"
42 http request GET https://registry.npmjs.org/bower
43 http 200 https://registry.npmjs.org/bower
44 silly get cb [ 200,
44 silly get   { server: 'CouchDB/1.5.0 (Erlang OTP/R16B03)',
44 silly get     etag: '"5B3WAXPFHJ5UQN9KMAGH1JS1N"',
44 silly get     'content-type': 'application/json',
44 silly get     'cache-control': 'max-age=60',
44 silly get     'content-length': '112210',
44 silly get     'accept-ranges': 'bytes',
44 silly get     date: 'Sat, 06 Jun 2015 21:18:06 GMT',
44 silly get     via: '1.1 varnish',
44 silly get     age: '7',
44 silly get     connection: 'keep-alive',
44 silly get     'x-served-by': 'cache-jfk1027-JFK',
44 silly get     'x-cache': 'HIT',
44 silly get     'x-cache-hits': '1',
44 silly get     'x-timer': 'S1433625486.359650,VS0,VE0',
44 silly get     vary: 'Accept' } ]
45 verbose get saving bower to /home/enieber/.npm/registry.npmjs.org/bower/.cache.json
46 silly addNameRange number 2 { name: 'bower', range: '*', hasData: true }
47 silly addNameRange versions [ 'bower',
47 silly addNameRange   [ '0.1.0',
47 silly addNameRange     '0.1.2',
47 silly addNameRange     '0.1.3',
47 silly addNameRange     '0.2.0',
47 silly addNameRange     '0.3.0',
47 silly addNameRange     '0.3.1',
47 silly addNameRange     '0.3.2',
47 silly addNameRange     '0.4.0',
47 silly addNameRange     '0.5.0',
47 silly addNameRange     '0.5.1',
47 silly addNameRange     '0.6.0',
47 silly addNameRange     '0.6.1',
47 silly addNameRange     '0.6.2',
47 silly addNameRange     '0.6.3',
47 silly addNameRange     '0.6.4',
47 silly addNameRange     '0.6.5',
47 silly addNameRange     '0.6.6',
47 silly addNameRange     '0.6.7',
47 silly addNameRange     '0.6.8',
47 silly addNameRange     '0.7.0',
47 silly addNameRange     '0.7.1',
47 silly addNameRange     '0.8.0',
47 silly addNameRange     '0.8.1',
47 silly addNameRange     '0.8.2',
47 silly addNameRange     '0.8.3',
47 silly addNameRange     '0.8.4',
47 silly addNameRange     '0.8.5',
47 silly addNameRange     '0.8.6',
47 silly addNameRange     '0.9.0',
47 silly addNameRange     '0.9.1',
47 silly addNameRange     '0.9.2',
47 silly addNameRange     '0.10.0',
47 silly addNameRange     '1.0.0',
47 silly addNameRange     '1.0.1',
47 silly addNameRange     '1.0.2',
47 silly addNameRange     '1.0.3',
47 silly addNameRange     '1.1.0',
47 silly addNameRange     '1.1.1',
47 silly addNameRange     '1.1.2',
47 silly addNameRange     '1.2.0',
47 silly addNameRange     '1.2.1',
47 silly addNameRange     '1.2.2',
47 silly addNameRange     '1.2.3',
47 silly addNameRange     '1.2.4',
47 silly addNameRange     '1.2.5',
47 silly addNameRange     '1.2.6',
47 silly addNameRange     '1.2.7',
47 silly addNameRange     '1.2.8',
47 silly addNameRange     '1.3.0',
47 silly addNameRange     '1.3.1',
47 silly addNameRange     '1.3.2',
47 silly addNameRange     '1.3.3',
47 silly addNameRange     '1.3.4',
47 silly addNameRange     '1.3.5',
47 silly addNameRange     '1.3.6',
47 silly addNameRange     '1.3.7',
47 silly addNameRange     '1.3.8',
47 silly addNameRange     '1.3.9',
47 silly addNameRange     '1.3.10',
47 silly addNameRange     '1.3.11',
47 silly addNameRange     '1.3.12',
47 silly addNameRange     '1.4.0',
47 silly addNameRange     '1.4.1' ] ]
48 verbose addNamed bower@1.4.1
49 silly addNamed semver.valid 1.4.1
50 silly addNamed semver.validRange 1.4.1
51 silly cache afterAdd bower@1.4.1
52 verbose afterAdd /home/enieber/.npm/bower/1.4.1/package/package.json not in flight; writing
53 verbose afterAdd /home/enieber/.npm/bower/1.4.1/package/package.json written
54 silly install resolved [ { name: 'gulp',
54 silly install resolved     description: 'The streaming build system',
54 silly install resolved     version: '3.9.0',
54 silly install resolved     homepage: 'http://gulpjs.com',
54 silly install resolved     repository: { type: 'git', url: 'git+https://github.com/gulpjs/gulp.git' },
54 silly install resolved     author:
54 silly install resolved      { name: 'Fractal',
54 silly install resolved        email: 'contact@wearefractal.com',
54 silly install resolved        url: 'http://wearefractal.com/' },
54 silly install resolved     tags: [ 'build', 'stream', 'system', 'make', 'tool', 'asset', 'pipeline' ],
54 silly install resolved     files: [ 'index.js', 'lib', 'bin', 'completion' ],
54 silly install resolved     bin: { gulp: './bin/gulp.js' },
54 silly install resolved     man: [ 'gulp.1' ],
54 silly install resolved     dependencies:
54 silly install resolved      { archy: '^1.0.0',
54 silly install resolved        chalk: '^1.0.0',
54 silly install resolved        deprecated: '^0.0.1',
54 silly install resolved        'gulp-util': '^3.0.0',
54 silly install resolved        interpret: '^0.6.2',
54 silly install resolved        liftoff: '^2.1.0',
54 silly install resolved        minimist: '^1.1.0',
54 silly install resolved        orchestrator: '^0.3.0',
54 silly install resolved        'pretty-hrtime': '^1.0.0',
54 silly install resolved        semver: '^4.1.0',
54 silly install resolved        tildify: '^1.0.0',
54 silly install resolved        v8flags: '^2.0.2',
54 silly install resolved        'vinyl-fs': '^0.3.0' },
54 silly install resolved     devDependencies:
54 silly install resolved      { coveralls: '^2.7.0',
54 silly install resolved        'graceful-fs': '^3.0.0',
54 silly install resolved        istanbul: '^0.3.0',
54 silly install resolved        jscs: '~1.12.0',
54 silly install resolved        jshint: '^2.5.0',
54 silly install resolved        'jshint-stylish': '^1.0.0',
54 silly install resolved        'marked-man': '^0.1.3',
54 silly install resolved        mkdirp: '^0.5.0',
54 silly install resolved        mocha: '^2.0.1',
54 silly install resolved        'mocha-lcov-reporter': '^0.0.1',
54 silly install resolved        q: '^1.0.0',
54 silly install resolved        rimraf: '^2.2.5',
54 silly install resolved        should: '^5.0.1' },
54 silly install resolved     scripts:
54 silly install resolved      { prepublish: 'marked-man --name gulp docs/CLI.md > gulp.1',
54 silly install resolved        lint: 'jshint lib bin test index.js --reporter node_modules/jshint-stylish/stylish.js --exclude node_modules && jscs lib bin test index.js',
54 silly install resolved        test: 'npm run-script lint && mocha --reporter spec',
54 silly install resolved        coveralls: 'istanbul cover _mocha --report lcovonly -- -R spec && cat ./coverage/lcov.info | coveralls && rm -rf ./coverage' },
54 silly install resolved     engines: { node: '>= 0.9' },
54 silly install resolved     license: 'MIT',
54 silly install resolved     gitHead: '657213a52d5e9c19b85df6a42f76341a98c08ae8',
54 silly install resolved     bugs: { url: 'https://github.com/gulpjs/gulp/issues' },
54 silly install resolved     _id: 'gulp@3.9.0',
54 silly install resolved     _shasum: 'cf1fba4cb558bb8c6ae6c9613f583ae2620d214a',
54 silly install resolved     _from: 'gulp@*',
54 silly install resolved     _npmVersion: '2.8.3',
54 silly install resolved     _nodeVersion: '0.10.36',
54 silly install resolved     _npmUser: { name: 'phated', email: 'blaine@iceddev.com' },
54 silly install resolved     maintainers: [ [Object], [Object] ],
54 silly install resolved     dist:
54 silly install resolved      { shasum: 'cf1fba4cb558bb8c6ae6c9613f583ae2620d214a',
54 silly install resolved        tarball: 'http://registry.npmjs.org/gulp/-/gulp-3.9.0.tgz' },
54 silly install resolved     directories: {},
54 silly install resolved     _resolved: 'https://registry.npmjs.org/gulp/-/gulp-3.9.0.tgz',
54 silly install resolved     readme: 'ERROR: No README data found!' },
54 silly install resolved   { name: 'bower',
54 silly install resolved     version: '1.4.1',
54 silly install resolved     description: 'The browser package manager',
54 silly install resolved     author: { name: 'Twitter' },
54 silly install resolved     licenses: [ [Object] ],
54 silly install resolved     repository: { type: 'git', url: 'https://github.com/bower/bower' },
54 silly install resolved     main: 'lib',
54 silly install resolved     homepage: 'http://bower.io',
54 silly install resolved     engines: { node: '>=0.10.0' },
54 silly install resolved     dependencies:
54 silly install resolved      { abbrev: '^1.0.5',
54 silly install resolved        archy: '1.0.0',
54 silly install resolved        'bower-config': '^0.6.1',
54 silly install resolved        'bower-endpoint-parser': '^0.2.2',
54 silly install resolved        'bower-json': '^0.4.0',
54 silly install resolved        'bower-logger': '^0.2.2',
54 silly install resolved        'bower-registry-client': '^0.3.0',
54 silly install resolved        cardinal: '0.4.4',
54 silly install resolved        chalk: '^1.0.0',
54 silly install resolved        chmodr: '0.1.0',
54 silly install resolved        configstore: '^0.3.2',
54 silly install resolved        'decompress-zip': '^0.1.0',
54 silly install resolved        fstream: '^1.0.3',
54 silly install resolved        'fstream-ignore': '^1.0.2',
54 silly install resolved        github: '^0.2.3',
54 silly install resolved        glob: '^4.3.2',
54 silly install resolved        'graceful-fs': '^3.0.5',
54 silly install resolved        handlebars: '^2.0.0',
54 silly install resolved        inquirer: '0.8.0',
54 silly install resolved        insight: '^0.5.0',
54 silly install resolved        'is-root': '^1.0.0',
54 silly install resolved        junk: '^1.0.0',
54 silly install resolved        lockfile: '^1.0.0',
54 silly install resolved        'lru-cache': '^2.5.0',
54 silly install resolved        mkdirp: '0.5.0',
54 silly install resolved        mout: '^0.11.0',
54 silly install resolved        nopt: '^3.0.1',
54 silly install resolved        opn: '^1.0.1',
54 silly install resolved        'p-throttler': '0.1.1',
54 silly install resolved        promptly: '0.2.0',
54 silly install resolved        q: '^1.1.2',
54 silly install resolved        request: '2.53.0',
54 silly install resolved        'request-progress': '0.3.1',
54 silly install resolved        retry: '0.6.1',
54 silly install resolved        rimraf: '^2.2.8',
54 silly install resolved        semver: '^2.3.0',
54 silly install resolved        'shell-quote': '^1.4.2',
54 silly install resolved        'stringify-object': '^1.0.0',
54 silly install resolved        'tar-fs': '^1.4.1',
54 silly install resolved        tmp: '0.0.24',
54 silly install resolved        'update-notifier': '^0.3.0',
54 silly install resolved        'user-home': '^1.1.0',
54 silly install resolved        which: '^1.0.8' },
54 silly install resolved     devDependencies:
54 silly install resolved      { chai: '^1.10.0',
54 silly install resolved        coveralls: '^2.11.2',
54 silly install resolved        'expect.js': '^0.3.1',
54 silly install resolved        grunt: '^0.4.5',
54 silly install resolved        'grunt-cli': '^0.1.13',
54 silly install resolved        'grunt-contrib-jshint': '^0.10.0',
54 silly install resolved        'grunt-contrib-watch': '^0.6.1',
54 silly install resolved        'grunt-exec': '^0.4.6',
54 silly install resolved        'grunt-simple-mocha': '^0.4.0',
54 silly install resolved        istanbul: '^0.3.5',
54 silly install resolved        'load-grunt-tasks': '^2.0.0',
54 silly install resolved        mocha: '^2.1.0',
54 silly install resolved        multiline: '^1.0.2',
54 silly install resolved        nock: '^0.56.0',
54 silly install resolved        'node-uuid': '^1.4.2',
54 silly install resolved        proxyquire: '^1.3.0',
54 silly install resolved        'spawn-sync': '^1.0.5' },
54 silly install resolved     scripts: { test: 'grunt test' },
54 silly install resolved     bin: { bower: 'bin/bower' },
54 silly install resolved     preferGlobal: true,
54 silly install resolved     gitHead: 'a1287416d40f944d58cb8f2e774e2076bfffd32f',
54 silly install resolved     bugs: { url: 'https://github.com/bower/bower/issues' },
54 silly install resolved     _id: 'bower@1.4.1',
54 silly install resolved     _shasum: 'a18be39d030792754f30f1c5b32d37b0156ba8dd',
54 silly install resolved     _from: 'bower@*',
54 silly install resolved     _npmVersion: '2.7.4',
54 silly install resolved     _nodeVersion: '0.12.0',
54 silly install resolved     _npmUser: { name: 'sheerun', email: 'sheerun@sher.pl' },
54 silly install resolved     maintainers: [ [Object], [Object], [Object], [Object], [Object], [Object] ],
54 silly install resolved     dist:
54 silly install resolved      { shasum: 'a18be39d030792754f30f1c5b32d37b0156ba8dd',
54 silly install resolved        tarball: 'http://registry.npmjs.org/bower/-/bower-1.4.1.tgz' },
54 silly install resolved     directories: {},
54 silly install resolved     _resolved: 'https://registry.npmjs.org/bower/-/bower-1.4.1.tgz',
54 silly install resolved     readme: 'ERROR: No README data found!' } ]
55 info install gulp@3.9.0 into /home/enieber/Documentos/site
56 info install bower@1.4.1 into /home/enieber/Documentos/site
57 info installOne gulp@3.9.0
58 verbose installOne of gulp to /home/enieber/Documentos/site not in flight; installing
59 info installOne bower@1.4.1
60 verbose installOne of bower to /home/enieber/Documentos/site not in flight; installing
61 warn locking Error: EACCES, open '/home/enieber/.npm/_locks/gulp-300b10142ca875b7.lock'
61 warn locking     at Error (native)
61 warn locking  /home/enieber/.npm/_locks/gulp-300b10142ca875b7.lock failed { [Error: EACCES, open '/home/enieber/.npm/_locks/gulp-300b10142ca875b7.lock']
61 warn locking   errno: -13,
61 warn locking   code: 'EACCES',
61 warn locking   path: '/home/enieber/.npm/_locks/gulp-300b10142ca875b7.lock' }
62 verbose stack Error: Attempt to unlock /home/enieber/Documentos/site/node_modules/gulp, which hasn't been locked
62 verbose stack     at unlock (/usr/local/lib/node_modules/npm/lib/utils/locker.js:66:11)
62 verbose stack     at cb (/usr/local/lib/node_modules/npm/lib/install.js:929:5)
62 verbose stack     at /usr/local/lib/node_modules/npm/lib/install.js:933:20
62 verbose stack     at /usr/local/lib/node_modules/npm/lib/utils/locker.js:40:9
62 verbose stack     at cb (/usr/local/lib/node_modules/npm/node_modules/lockfile/lockfile.js:149:38)
62 verbose stack     at /usr/local/lib/node_modules/npm/node_modules/lockfile/lockfile.js:177:38
62 verbose stack     at FSReqWrap.oncomplete (fs.js:99:15)
63 verbose cwd /home/enieber/Documentos/site/public
64 error Linux 3.13.0-53-generic
65 error argv "/usr/local/bin/node" "/usr/local/bin/npm" "install" "gulp" "bower"
66 error node v0.12.1
67 error npm  v2.5.1
68 error Attempt to unlock /home/enieber/Documentos/site/node_modules/gulp, which hasn't been locked
69 error If you need help, you may report this error at:
69 error     <http://github.com/npm/npm/issues>
70 verbose exit [ 1, true ]
